<?xml version="1.0" encoding="UTF-8"?>
<testng-results skipped="0" failed="0" ignored="0" total="1" passed="1">
  <reporter-output>
  </reporter-output>
  <suite name="TestSuite" duration-ms="12866" started-at="2019-06-15T18:29:25Z" finished-at="2019-06-15T18:29:38Z">
    <groups>
    </groups>
    <test name="AddContactTest" duration-ms="12866" started-at="2019-06-15T18:29:25Z" finished-at="2019-06-15T18:29:38Z">
      <class name="test.AddContactTest">
        <test-method status="PASS" signature="usersCanAddContact(java.lang.String, java.lang.String, java.lang.String, java.lang.String, java.lang.String, java.lang.String, java.lang.String, java.lang.String, java.lang.String, java.lang.String, java.lang.String)[pri:0, instance:test.AddContactTest@7a9273a8]" name="usersCanAddContact" duration-ms="12842" started-at="2019-06-15T18:29:25Z" finished-at="2019-06-15T18:29:38Z">
          <params>
            <param index="0">
              <value>
                <![CDATA[techfiosdemo@gmail.com]]>
              </value>
            </param>
            <param index="1">
              <value>
                <![CDATA[abc123]]>
              </value>
            </param>
            <param index="2">
              <value>
                <![CDATA[john smith]]>
              </value>
            </param>
            <param index="3">
              <value>
                <![CDATA[nokia]]>
              </value>
            </param>
            <param index="4">
              <value>
                <![CDATA[Johnsmith@gmail.com]]>
              </value>
            </param>
            <param index="5">
              <value>
                <![CDATA[3474307205]]>
              </value>
            </param>
            <param index="6">
              <value>
                <![CDATA[250 irving rd]]>
              </value>
            </param>
            <param index="7">
              <value>
                <![CDATA[dallas]]>
              </value>
            </param>
            <param index="8">
              <value>
                <![CDATA[Texas]]>
              </value>
            </param>
            <param index="9">
              <value>
                <![CDATA[11417]]>
              </value>
            </param>
            <param index="10">
              <value>
                <![CDATA[iceland]]>
              </value>
            </param>
          </params>
          <reporter-output>
          </reporter-output>
        </test-method> <!-- usersCanAddContact -->
      </class> <!-- test.AddContactTest -->
    </test> <!-- AddContactTest -->
  </suite> <!-- TestSuite -->
</testng-results>
