<?xml version="1.0" encoding="UTF-8"?>
<testng-results ignored="0" total="1" passed="1" failed="0" skipped="0">
  <reporter-output>
  </reporter-output>
  <suite started-at="2019-06-15T19:00:15Z" name="TestSuite" finished-at="2019-06-15T19:00:27Z" duration-ms="12557">
    <groups>
    </groups>
    <test started-at="2019-06-15T19:00:15Z" name="AddContactTest" finished-at="2019-06-15T19:00:27Z" duration-ms="12557">
      <class name="test.AddContactTest">
        <test-method signature="usersCanAddContact(java.lang.String, java.lang.String, java.lang.String, java.lang.String, java.lang.String, java.lang.String, java.lang.String, java.lang.String, java.lang.String, java.lang.String, java.lang.String)[pri:0, instance:test.AddContactTest@192d43ce]" started-at="2019-06-15T19:00:15Z" name="usersCanAddContact" finished-at="2019-06-15T19:00:27Z" duration-ms="12519" status="PASS">
          <params>
            <param index="0">
              <value>
                <![CDATA[techfiosdemo@gmail.com]]>
              </value>
            </param>
            <param index="1">
              <value>
                <![CDATA[abc123]]>
              </value>
            </param>
            <param index="2">
              <value>
                <![CDATA[john smith]]>
              </value>
            </param>
            <param index="3">
              <value>
                <![CDATA[nokia]]>
              </value>
            </param>
            <param index="4">
              <value>
                <![CDATA[Johnsmith@gmail.com]]>
              </value>
            </param>
            <param index="5">
              <value>
                <![CDATA[3474307205]]>
              </value>
            </param>
            <param index="6">
              <value>
                <![CDATA[250 irving rd]]>
              </value>
            </param>
            <param index="7">
              <value>
                <![CDATA[dallas]]>
              </value>
            </param>
            <param index="8">
              <value>
                <![CDATA[Texas]]>
              </value>
            </param>
            <param index="9">
              <value>
                <![CDATA[11417]]>
              </value>
            </param>
            <param index="10">
              <value>
                <![CDATA[iceland]]>
              </value>
            </param>
          </params>
          <reporter-output>
          </reporter-output>
        </test-method> <!-- usersCanAddContact -->
      </class> <!-- test.AddContactTest -->
    </test> <!-- AddContactTest -->
  </suite> <!-- TestSuite -->
</testng-results>
